::1 - - [15/Dec/2023:08:22:03 +0000] "POST /users/registerCheckPhone HTTP/1.1" 200 228 "-" "PostmanRuntime/7.36.0"
::1 - - [15/Dec/2023:08:22:28 +0000] "POST /users/registerCheckPassword HTTP/1.1" 200 447 "-" "PostmanRuntime/7.36.0"
::1 - - [15/Dec/2023:08:23:19 +0000] "POST /users/loginCheckPassword HTTP/1.1" 500 84 "-" "PostmanRuntime/7.36.0"
::1 - - [15/Dec/2023:08:23:43 +0000] "POST /users/loginCheckPhone HTTP/1.1" 400 106 "-" "PostmanRuntime/7.36.0"
::1 - - [15/Dec/2023:08:23:53 +0000] "POST /users/loginCheckPhone HTTP/1.1" 400 106 "-" "PostmanRuntime/7.36.0"
::1 - - [15/Dec/2023:08:24:12 +0000] "POST /users/loginCheckPhone HTTP/1.1" 400 106 "-" "PostmanRuntime/7.36.0"
::1 - - [15/Dec/2023:08:24:18 +0000] "POST /users/loginCheckPhone HTTP/1.1" 400 106 "-" "PostmanRuntime/7.36.0"
::1 - - [15/Dec/2023:08:24:37 +0000] "POST /users/loginCheckPhone HTTP/1.1" 400 106 "-" "PostmanRuntime/7.36.0"
::1 - - [15/Dec/2023:08:25:02 +0000] "POST /users/loginCheckPhone HTTP/1.1" 400 106 "-" "PostmanRuntime/7.36.0"
::1 - - [15/Dec/2023:08:25:13 +0000] "POST /users/loginCheckPhone HTTP/1.1" 200 448 "-" "PostmanRuntime/7.36.0"
::1 - - [15/Dec/2023:08:25:45 +0000] "POST /users/loginCheckPassword HTTP/1.1" 500 72 "-" "PostmanRuntime/7.36.0"
::1 - - [15/Dec/2023:08:26:14 +0000] "POST /users/loginCheckPassword HTTP/1.1" 500 72 "-" "PostmanRuntime/7.36.0"
::1 - - [15/Dec/2023:08:26:33 +0000] "POST /users/loginCheckPassword HTTP/1.1" 500 72 "-" "PostmanRuntime/7.36.0"
::1 - - [15/Dec/2023:08:26:42 +0000] "POST /users/loginCheckPassword HTTP/1.1" 500 72 "-" "PostmanRuntime/7.36.0"
::1 - - [15/Dec/2023:08:26:51 +0000] "POST /users/loginCheckPassword HTTP/1.1" 500 72 "-" "PostmanRuntime/7.36.0"
::1 - - [15/Dec/2023:08:27:00 +0000] "POST /users/loginCheckPassword HTTP/1.1" 400 92 "-" "PostmanRuntime/7.36.0"
::1 - - [15/Dec/2023:08:27:22 +0000] "POST /users/loginCheckPassword HTTP/1.1" 400 92 "-" "PostmanRuntime/7.36.0"
::1 - - [15/Dec/2023:09:01:29 +0000] "POST /users/register HTTP/1.1" 500 406 "-" "PostmanRuntime/7.36.0"
::1 - - [15/Dec/2023:09:01:34 +0000] "POST /users/register HTTP/1.1" 500 406 "-" "PostmanRuntime/7.36.0"
::1 - - [15/Dec/2023:09:01:40 +0000] "POST /users/register HTTP/1.1" 500 406 "-" "PostmanRuntime/7.36.0"
::1 - - [15/Dec/2023:09:01:45 +0000] "POST /users/register HTTP/1.1" 200 439 "-" "PostmanRuntime/7.36.0"
::1 - - [15/Dec/2023:09:19:44 +0000] "POST /users/registerCheckPhone HTTP/1.1" 200 228 "-" "PostmanRuntime/7.36.0"
::1 - - [15/Dec/2023:09:20:10 +0000] "POST /users/registerCheckPassword HTTP/1.1" 500 358 "-" "PostmanRuntime/7.36.0"
::1 - - [15/Dec/2023:09:21:24 +0000] "POST /users/registerCheckPassword HTTP/1.1" 500 358 "-" "PostmanRuntime/7.36.0"
::1 - - [15/Dec/2023:09:21:58 +0000] "POST /users/registerCheckPhone HTTP/1.1" 200 228 "-" "PostmanRuntime/7.36.0"
::1 - - [15/Dec/2023:09:22:14 +0000] "POST /users/registerCheckPhone HTTP/1.1" 200 383 "-" "PostmanRuntime/7.36.0"
::1 - - [15/Dec/2023:09:22:26 +0000] "POST /users/registerCheckPassword HTTP/1.1" 500 358 "-" "PostmanRuntime/7.36.0"
::1 - - [15/Dec/2023:09:23:42 +0000] "POST /users/registerCheckPassword HTTP/1.1" 200 401 "-" "PostmanRuntime/7.36.0"
::1 - - [15/Dec/2023:09:24:05 +0000] "POST /users/loginCheckPhone HTTP/1.1" 200 380 "-" "PostmanRuntime/7.36.0"
::1 - - [15/Dec/2023:09:24:16 +0000] "POST /users/loginCheckPassword HTTP/1.1" 500 72 "-" "PostmanRuntime/7.36.0"
::1 - - [15/Dec/2023:09:24:35 +0000] "POST /users/loginCheckPassword HTTP/1.1" 500 72 "-" "PostmanRuntime/7.36.0"
::1 - - [15/Dec/2023:09:25:11 +0000] "POST /users/loginCheckPassword HTTP/1.1" 500 72 "-" "PostmanRuntime/7.36.0"
::1 - - [15/Dec/2023:09:25:45 +0000] "POST /users/loginCheckPassword HTTP/1.1" 500 72 "-" "PostmanRuntime/7.36.0"
::1 - - [15/Dec/2023:09:26:24 +0000] "POST /users/loginCheckPassword HTTP/1.1" 500 72 "-" "PostmanRuntime/7.36.0"
::1 - - [15/Dec/2023:09:26:32 +0000] "POST /users/loginCheckPassword HTTP/1.1" 500 72 "-" "PostmanRuntime/7.36.0"
::1 - - [15/Dec/2023:09:26:54 +0000] "POST /users/loginCheckPassword HTTP/1.1" 500 72 "-" "PostmanRuntime/7.36.0"
::1 - - [15/Dec/2023:09:27:07 +0000] "POST /users/loginCheckPassword HTTP/1.1" 200 250 "-" "PostmanRuntime/7.36.0"
::1 - - [15/Dec/2023:09:28:04 +0000] "POST /users/registerCheckPhone HTTP/1.1" 200 381 "-" "PostmanRuntime/7.36.0"
::1 - - [15/Dec/2023:09:28:12 +0000] "POST /users/registerCheckPassword HTTP/1.1" 200 399 "-" "PostmanRuntime/7.36.0"
::1 - - [15/Dec/2023:09:28:23 +0000] "POST /users/loginCheckPhone HTTP/1.1" 200 452 "-" "PostmanRuntime/7.36.0"
::1 - - [15/Dec/2023:09:28:33 +0000] "POST /users/loginCheckPassword HTTP/1.1" 200 248 "-" "PostmanRuntime/7.36.0"
::1 - - [15/Dec/2023:09:28:36 +0000] "POST /users/loginCheckPassword HTTP/1.1" 400 92 "-" "PostmanRuntime/7.36.0"
::1 - - [15/Dec/2023:09:28:39 +0000] "POST /users/loginCheckPassword HTTP/1.1" 200 248 "-" "PostmanRuntime/7.36.0"
